[13-Oct-2017 12:12:31 Asia/Tokyo] PHP Fatal error:  Class 'App\Message' not found in /home/ubuntu/workspace/task-list/app/Http/Controllers/TasksController.php on line 21
[13-Oct-2017 12:12:31 Asia/Tokyo] PHP Stack trace:
[13-Oct-2017 12:12:31 Asia/Tokyo] PHP   1. {main}() /home/ubuntu/workspace/task-list/server.php:0
[13-Oct-2017 12:12:31 Asia/Tokyo] PHP   2. require_once() /home/ubuntu/workspace/task-list/server.php:21
[13-Oct-2017 12:12:31 Asia/Tokyo] PHP   3. Illuminate\Foundation\Http\Kernel->handle() /home/ubuntu/workspace/task-list/public/index.php:54
[13-Oct-2017 12:12:31 Asia/Tokyo] PHP   4. Illuminate\Foundation\Http\Kernel->sendRequestThroughRouter() /home/ubuntu/workspace/task-list/vendor/laravel/framework/src/Illuminate/Foundation/Http/Kernel.php:87
[13-Oct-2017 12:12:31 Asia/Tokyo] PHP   5. Illuminate\Pipeline\Pipeline->then() /home/ubuntu/workspace/task-list/vendor/laravel/framework/src/Illuminate/Foundation/Http/Kernel.php:122
[13-Oct-2017 12:12:31 Asia/Tokyo] PHP   6. call_user_func:{/home/ubuntu/workspace/task-list/vendor/laravel/framework/src/Illuminate/Pipeline/Pipeline.php:103}() /home/ubuntu/workspace/task-list/vendor/laravel/framework/src/Illuminate/Pipeline/Pipeline.php:103
[13-Oct-2017 12:12:31 Asia/Tokyo] PHP   7. Illuminate\Pipeline\Pipeline->Illuminate\Pipeline\{closure}() /home/ubuntu/workspace/task-list/vendor/laravel/framework/src/Illuminate/Pipeline/Pipeline.php:103
[13-Oct-2017 12:12:31 Asia/Tokyo] PHP   8. call_user_func_array:{/home/ubuntu/workspace/task-list/vendor/laravel/framework/src/Illuminate/Pipeline/Pipeline.php:124}() /home/ubuntu/workspace/task-list/vendor/laravel/framework/src/Illuminate/Pipeline/Pipeline.php:124
[13-Oct-2017 12:12:31 Asia/Tokyo] PHP   9. Illuminate\Foundation\Http\Middleware\CheckForMaintenanceMode->handle() /home/ubuntu/workspace/task-list/vendor/laravel/framework/src/Illuminate/Pipeline/Pipeline.php:124
[13-Oct-2017 12:12:31 Asia/Tokyo] PHP  10. Illuminate\Pipeline\Pipeline->Illuminate\Pipeline\{closure}() /home/ubuntu/workspace/task-list/vendor/laravel/framework/src/Illuminate/Foundation/Http/Middleware/CheckForMaintenanceMode.php:44
[13-Oct-2017 12:12:31 Asia/Tokyo] PHP  11. call_user_func_array:{/home/ubuntu/workspace/task-list/vendor/laravel/framework/src/Illuminate/Pipeline/Pipeline.php:124}() /home/ubuntu/workspace/task-list/vendor/laravel/framework/src/Illuminate/Pipeline/Pipeline.php:124
[13-Oct-2017 12:12:31 Asia/Tokyo] PHP  12. Illuminate\Cookie\Middleware\EncryptCookies->handle() /home/ubuntu/workspace/task-list/vendor/laravel/framework/src/Illuminate/Pipeline/Pipeline.php:124
[13-Oct-2017 12:12:31 Asia/Tokyo] PHP  13. Illuminate\Pipeline\Pipeline->Illuminate\Pipeline\{closure}() /home/ubuntu/workspace/task-list/vendor/laravel/framework/src/Illuminate/Cookie/Middleware/EncryptCookies.php:59
[13-Oct-2017 12:12:31 Asia/Tokyo] PHP  14. call_user_func_array:{/home/ubuntu/workspace/task-list/vendor/laravel/framework/src/Illuminate/Pipeline/Pipeline.php:124}() /home/ubuntu/workspace/task-list/vendor/laravel/framework/src/Illuminate/Pipeline/Pipeline.php:124
[13-Oct-2017 12:12:31 Asia/Tokyo] PHP  15. Illuminate\Cookie\Middleware\AddQueuedCookiesToResponse->handle() /home/ubuntu/workspace/task-list/vendor/laravel/framework/src/Illuminate/Pipeline/Pipeline.php:124
[13-Oct-2017 12:12:31 Asia/Tokyo] PHP  16. Illuminate\Pipeline\Pipeline->Illuminate\Pipeline\{closure}() /home/ubuntu/workspace/task-list/vendor/laravel/framework/src/Illuminate/Cookie/Middleware/AddQueuedCookiesToResponse.php:37
[13-Oct-2017 12:12:31 Asia/Tokyo] PHP  17. call_user_func_array:{/home/ubuntu/workspace/task-list/vendor/laravel/framework/src/Illuminate/Pipeline/Pipeline.php:124}() /home/ubuntu/workspace/task-list/vendor/laravel/framework/src/Illuminate/Pipeline/Pipeline.php:124
[13-Oct-2017 12:12:31 Asia/Tokyo] PHP  18. Illuminate\Session\Middleware\StartSession->handle() /home/ubuntu/workspace/task-list/vendor/laravel/framework/src/Illuminate/Pipeline/Pipeline.php:124
[13-Oct-2017 12:12:31 Asia/Tokyo] PHP  19. Illuminate\Pipeline\Pipeline->Illuminate\Pipeline\{closure}() /home/ubuntu/workspace/task-list/vendor/laravel/framework/src/Illuminate/Session/Middleware/StartSession.php:62
[13-Oct-2017 12:12:31 Asia/Tokyo] PHP  20. call_user_func_array:{/home/ubuntu/workspace/task-list/vendor/laravel/framework/src/Illuminate/Pipeline/Pipeline.php:124}() /home/ubuntu/workspace/task-list/vendor/laravel/framework/src/Illuminate/Pipeline/Pipeline.php:124
[13-Oct-2017 12:12:31 Asia/Tokyo] PHP  21. Illuminate\View\Middleware\ShareErrorsFromSession->handle() /home/ubuntu/workspace/task-list/vendor/laravel/framework/src/Illuminate/Pipeline/Pipeline.php:124
[13-Oct-2017 12:12:31 Asia/Tokyo] PHP  22. Illuminate\Pipeline\Pipeline->Illuminate\Pipeline\{closure}() /home/ubuntu/workspace/task-list/vendor/laravel/framework/src/Illuminate/View/Middleware/ShareErrorsFromSession.php:49
[13-Oct-2017 12:12:31 Asia/Tokyo] PHP  23. call_user_func_array:{/home/ubuntu/workspace/task-list/vendor/laravel/framework/src/Illuminate/Pipeline/Pipeline.php:124}() /home/ubuntu/workspace/task-list/vendor/laravel/framework/src/Illuminate/Pipeline/Pipeline.php:124
[13-Oct-2017 12:12:31 Asia/Tokyo] PHP  24. Illuminate\Foundation\Http\Middleware\VerifyCsrfToken->handle() /home/ubuntu/workspace/task-list/vendor/laravel/framework/src/Illuminate/Pipeline/Pipeline.php:124
[13-Oct-2017 12:12:31 Asia/Tokyo] PHP  25. Illuminate\Pipeline\Pipeline->Illuminate\Pipeline\{closure}() /home/ubuntu/workspace/task-list/vendor/laravel/framework/src/Illuminate/Foundation/Http/Middleware/VerifyCsrfToken.php:50
[13-Oct-2017 12:12:31 Asia/Tokyo] PHP  26. call_user_func:{/home/ubuntu/workspace/task-list/vendor/laravel/framework/src/Illuminate/Pipeline/Pipeline.php:139}() /home/ubuntu/workspace/task-list/vendor/laravel/framework/src/Illuminate/Pipeline/Pipeline.php:139
[13-Oct-2017 12:12:31 Asia/Tokyo] PHP  27. Illuminate\Foundation\Http\Kernel->Illuminate\Foundation\Http\{closure}() /home/ubuntu/workspace/task-list/vendor/laravel/framework/src/Illuminate/Pipeline/Pipeline.php:139
[13-Oct-2017 12:12:31 Asia/Tokyo] PHP  28. Illuminate\Routing\Router->dispatch() /home/ubuntu/workspace/task-list/vendor/laravel/framework/src/Illuminate/Foundation/Http/Kernel.php:236
[13-Oct-2017 12:12:31 Asia/Tokyo] PHP  29. Illuminate\Routing\Router->dispatchToRoute() /home/ubuntu/workspace/task-list/vendor/laravel/framework/src/Illuminate/Routing/Router.php:635
[13-Oct-2017 12:12:31 Asia/Tokyo] PHP  30. Illuminate\Routing\Router->runRouteWithinStack() /home/ubuntu/workspace/task-list/vendor/laravel/framework/src/Illuminate/Routing/Router.php:675
[13-Oct-2017 12:12:31 Asia/Tokyo] PHP  31. Illuminate\Pipeline\Pipeline->then() /home/ubuntu/workspace/task-list/vendor/laravel/framework/src/Illuminate/Routing/Router.php:710
[13-Oct-2017 12:12:31 Asia/Tokyo] PHP  32. call_user_func:{/home/ubuntu/workspace/task-list/vendor/laravel/framework/src/Illuminate/Pipeline/Pipeline.php:103}() /home/ubuntu/workspace/task-list/vendor/laravel/framework/src/Illuminate/Pipeline/Pipeline.php:103
[13-Oct-2017 12:12:31 Asia/Tokyo] PHP  33. Illuminate\Pipeline\Pipeline->Illuminate\Pipeline\{closure}() /home/ubuntu/workspace/task-list/vendor/laravel/framework/src/Illuminate/Pipeline/Pipeline.php:103
[13-Oct-2017 12:12:31 Asia/Tokyo] PHP  34. call_user_func:{/home/ubuntu/workspace/task-list/vendor/laravel/framework/src/Illuminate/Pipeline/Pipeline.php:139}() /home/ubuntu/workspace/task-list/vendor/laravel/framework/src/Illuminate/Pipeline/Pipeline.php:139
[13-Oct-2017 12:12:31 Asia/Tokyo] PHP  35. Illuminate\Routing\Router->Illuminate\Routing\{closure}() /home/ubuntu/workspace/task-list/vendor/laravel/framework/src/Illuminate/Pipeline/Pipeline.php:139
[13-Oct-2017 12:12:31 Asia/Tokyo] PHP  36. Illuminate\Routing\Route->run() /home/ubuntu/workspace/task-list/vendor/laravel/framework/src/Illuminate/Routing/Router.php:708
[13-Oct-2017 12:12:31 Asia/Tokyo] PHP  37. Illuminate\Routing\Route->runWithCustomDispatcher() /home/ubuntu/workspace/task-list/vendor/laravel/framework/src/Illuminate/Routing/Route.php:134
[13-Oct-2017 12:12:31 Asia/Tokyo] PHP  38. Illuminate\Routing\ControllerDispatcher->dispatch() /home/ubuntu/workspace/task-list/vendor/laravel/framework/src/Illuminate/Routing/Route.php:203
[13-Oct-2017 12:12:31 Asia/Tokyo] PHP  39. Illuminate\Routing\ControllerDispatcher->callWithinStack() /home/ubuntu/workspace/task-list/vendor/laravel/framework/src/Illuminate/Routing/ControllerDispatcher.php:69
[13-Oct-2017 12:12:31 Asia/Tokyo] PHP  40. Illuminate\Pipeline\Pipeline->then() /home/ubuntu/workspace/task-list/vendor/laravel/framework/src/Illuminate/Routing/ControllerDispatcher.php:114
[13-Oct-2017 12:12:31 Asia/Tokyo] PHP  41. call_user_func:{/home/ubuntu/workspace/task-list/vendor/laravel/framework/src/Illuminate/Pipeline/Pipeline.php:103}() /home/ubuntu/workspace/task-list/vendor/laravel/framework/src/Illuminate/Pipeline/Pipeline.php:103
[13-Oct-2017 12:12:31 Asia/Tokyo] PHP  42. Illuminate\Pipeline\Pipeline->Illuminate\Pipeline\{closure}() /home/ubuntu/workspace/task-list/vendor/laravel/framework/src/Illuminate/Pipeline/Pipeline.php:103
[13-Oct-2017 12:12:31 Asia/Tokyo] PHP  43. call_user_func:{/home/ubuntu/workspace/task-list/vendor/laravel/framework/src/Illuminate/Pipeline/Pipeline.php:139}() /home/ubuntu/workspace/task-list/vendor/laravel/framework/src/Illuminate/Pipeline/Pipeline.php:139
[13-Oct-2017 12:12:31 Asia/Tokyo] PHP  44. Illuminate\Routing\ControllerDispatcher->Illuminate\Routing\{closure}() /home/ubuntu/workspace/task-list/vendor/laravel/framework/src/Illuminate/Pipeline/Pipeline.php:139
[13-Oct-2017 12:12:31 Asia/Tokyo] PHP  45. Illuminate\Routing\ControllerDispatcher->call() /home/ubuntu/workspace/task-list/vendor/laravel/framework/src/Illuminate/Routing/ControllerDispatcher.php:112
[13-Oct-2017 12:12:31 Asia/Tokyo] PHP  46. Illuminate\Routing\Controller->callAction() /home/ubuntu/workspace/task-list/vendor/laravel/framework/src/Illuminate/Routing/ControllerDispatcher.php:164
[13-Oct-2017 12:12:31 Asia/Tokyo] PHP  47. call_user_func_array:{/home/ubuntu/workspace/task-list/vendor/laravel/framework/src/Illuminate/Routing/Controller.php:256}() /home/ubuntu/workspace/task-list/vendor/laravel/framework/src/Illuminate/Routing/Controller.php:256
[13-Oct-2017 12:12:31 Asia/Tokyo] PHP  48. App\Http\Controllers\TasksController->index() /home/ubuntu/workspace/task-list/vendor/laravel/framework/src/Illuminate/Routing/Controller.php:256
[13-Oct-2017 12:13:12 Asia/Tokyo] PHP Fatal error:  Class 'App\Http\Controllers\task' not found in /home/ubuntu/workspace/task-list/app/Http/Controllers/TasksController.php on line 21
[13-Oct-2017 12:13:12 Asia/Tokyo] PHP Stack trace:
[13-Oct-2017 12:13:12 Asia/Tokyo] PHP   1. {main}() /home/ubuntu/workspace/task-list/server.php:0
[13-Oct-2017 12:13:12 Asia/Tokyo] PHP   2. require_once() /home/ubuntu/workspace/task-list/server.php:21
[13-Oct-2017 12:13:12 Asia/Tokyo] PHP   3. Illuminate\Foundation\Http\Kernel->handle() /home/ubuntu/workspace/task-list/public/index.php:54
[13-Oct-2017 12:13:12 Asia/Tokyo] PHP   4. Illuminate\Foundation\Http\Kernel->sendRequestThroughRouter() /home/ubuntu/workspace/task-list/vendor/laravel/framework/src/Illuminate/Foundation/Http/Kernel.php:87
[13-Oct-2017 12:13:12 Asia/Tokyo] PHP   5. Illuminate\Pipeline\Pipeline->then() /home/ubuntu/workspace/task-list/vendor/laravel/framework/src/Illuminate/Foundation/Http/Kernel.php:122
[13-Oct-2017 12:13:12 Asia/Tokyo] PHP   6. call_user_func:{/home/ubuntu/workspace/task-list/vendor/laravel/framework/src/Illuminate/Pipeline/Pipeline.php:103}() /home/ubuntu/workspace/task-list/vendor/laravel/framework/src/Illuminate/Pipeline/Pipeline.php:103
[13-Oct-2017 12:13:12 Asia/Tokyo] PHP   7. Illuminate\Pipeline\Pipeline->Illuminate\Pipeline\{closure}() /home/ubuntu/workspace/task-list/vendor/laravel/framework/src/Illuminate/Pipeline/Pipeline.php:103
[13-Oct-2017 12:13:12 Asia/Tokyo] PHP   8. call_user_func_array:{/home/ubuntu/workspace/task-list/vendor/laravel/framework/src/Illuminate/Pipeline/Pipeline.php:124}() /home/ubuntu/workspace/task-list/vendor/laravel/framework/src/Illuminate/Pipeline/Pipeline.php:124
[13-Oct-2017 12:13:12 Asia/Tokyo] PHP   9. Illuminate\Foundation\Http\Middleware\CheckForMaintenanceMode->handle() /home/ubuntu/workspace/task-list/vendor/laravel/framework/src/Illuminate/Pipeline/Pipeline.php:124
[13-Oct-2017 12:13:12 Asia/Tokyo] PHP  10. Illuminate\Pipeline\Pipeline->Illuminate\Pipeline\{closure}() /home/ubuntu/workspace/task-list/vendor/laravel/framework/src/Illuminate/Foundation/Http/Middleware/CheckForMaintenanceMode.php:44
[13-Oct-2017 12:13:12 Asia/Tokyo] PHP  11. call_user_func_array:{/home/ubuntu/workspace/task-list/vendor/laravel/framework/src/Illuminate/Pipeline/Pipeline.php:124}() /home/ubuntu/workspace/task-list/vendor/laravel/framework/src/Illuminate/Pipeline/Pipeline.php:124
[13-Oct-2017 12:13:12 Asia/Tokyo] PHP  12. Illuminate\Cookie\Middleware\EncryptCookies->handle() /home/ubuntu/workspace/task-list/vendor/laravel/framework/src/Illuminate/Pipeline/Pipeline.php:124
[13-Oct-2017 12:13:12 Asia/Tokyo] PHP  13. Illuminate\Pipeline\Pipeline->Illuminate\Pipeline\{closure}() /home/ubuntu/workspace/task-list/vendor/laravel/framework/src/Illuminate/Cookie/Middleware/EncryptCookies.php:59
[13-Oct-2017 12:13:12 Asia/Tokyo] PHP  14. call_user_func_array:{/home/ubuntu/workspace/task-list/vendor/laravel/framework/src/Illuminate/Pipeline/Pipeline.php:124}() /home/ubuntu/workspace/task-list/vendor/laravel/framework/src/Illuminate/Pipeline/Pipeline.php:124
[13-Oct-2017 12:13:12 Asia/Tokyo] PHP  15. Illuminate\Cookie\Middleware\AddQueuedCookiesToResponse->handle() /home/ubuntu/workspace/task-list/vendor/laravel/framework/src/Illuminate/Pipeline/Pipeline.php:124
[13-Oct-2017 12:13:12 Asia/Tokyo] PHP  16. Illuminate\Pipeline\Pipeline->Illuminate\Pipeline\{closure}() /home/ubuntu/workspace/task-list/vendor/laravel/framework/src/Illuminate/Cookie/Middleware/AddQueuedCookiesToResponse.php:37
[13-Oct-2017 12:13:12 Asia/Tokyo] PHP  17. call_user_func_array:{/home/ubuntu/workspace/task-list/vendor/laravel/framework/src/Illuminate/Pipeline/Pipeline.php:124}() /home/ubuntu/workspace/task-list/vendor/laravel/framework/src/Illuminate/Pipeline/Pipeline.php:124
[13-Oct-2017 12:13:12 Asia/Tokyo] PHP  18. Illuminate\Session\Middleware\StartSession->handle() /home/ubuntu/workspace/task-list/vendor/laravel/framework/src/Illuminate/Pipeline/Pipeline.php:124
[13-Oct-2017 12:13:12 Asia/Tokyo] PHP  19. Illuminate\Pipeline\Pipeline->Illuminate\Pipeline\{closure}() /home/ubuntu/workspace/task-list/vendor/laravel/framework/src/Illuminate/Session/Middleware/StartSession.php:62
[13-Oct-2017 12:13:12 Asia/Tokyo] PHP  20. call_user_func_array:{/home/ubuntu/workspace/task-list/vendor/laravel/framework/src/Illuminate/Pipeline/Pipeline.php:124}() /home/ubuntu/workspace/task-list/vendor/laravel/framework/src/Illuminate/Pipeline/Pipeline.php:124
[13-Oct-2017 12:13:12 Asia/Tokyo] PHP  21. Illuminate\View\Middleware\ShareErrorsFromSession->handle() /home/ubuntu/workspace/task-list/vendor/laravel/framework/src/Illuminate/Pipeline/Pipeline.php:124
[13-Oct-2017 12:13:12 Asia/Tokyo] PHP  22. Illuminate\Pipeline\Pipeline->Illuminate\Pipeline\{closure}() /home/ubuntu/workspace/task-list/vendor/laravel/framework/src/Illuminate/View/Middleware/ShareErrorsFromSession.php:49
[13-Oct-2017 12:13:12 Asia/Tokyo] PHP  23. call_user_func_array:{/home/ubuntu/workspace/task-list/vendor/laravel/framework/src/Illuminate/Pipeline/Pipeline.php:124}() /home/ubuntu/workspace/task-list/vendor/laravel/framework/src/Illuminate/Pipeline/Pipeline.php:124
[13-Oct-2017 12:13:12 Asia/Tokyo] PHP  24. Illuminate\Foundation\Http\Middleware\VerifyCsrfToken->handle() /home/ubuntu/workspace/task-list/vendor/laravel/framework/src/Illuminate/Pipeline/Pipeline.php:124
[13-Oct-2017 12:13:12 Asia/Tokyo] PHP  25. Illuminate\Pipeline\Pipeline->Illuminate\Pipeline\{closure}() /home/ubuntu/workspace/task-list/vendor/laravel/framework/src/Illuminate/Foundation/Http/Middleware/VerifyCsrfToken.php:50
[13-Oct-2017 12:13:12 Asia/Tokyo] PHP  26. call_user_func:{/home/ubuntu/workspace/task-list/vendor/laravel/framework/src/Illuminate/Pipeline/Pipeline.php:139}() /home/ubuntu/workspace/task-list/vendor/laravel/framework/src/Illuminate/Pipeline/Pipeline.php:139
[13-Oct-2017 12:13:12 Asia/Tokyo] PHP  27. Illuminate\Foundation\Http\Kernel->Illuminate\Foundation\Http\{closure}() /home/ubuntu/workspace/task-list/vendor/laravel/framework/src/Illuminate/Pipeline/Pipeline.php:139
[13-Oct-2017 12:13:12 Asia/Tokyo] PHP  28. Illuminate\Routing\Router->dispatch() /home/ubuntu/workspace/task-list/vendor/laravel/framework/src/Illuminate/Foundation/Http/Kernel.php:236
[13-Oct-2017 12:13:12 Asia/Tokyo] PHP  29. Illuminate\Routing\Router->dispatchToRoute() /home/ubuntu/workspace/task-list/vendor/laravel/framework/src/Illuminate/Routing/Router.php:635
[13-Oct-2017 12:13:12 Asia/Tokyo] PHP  30. Illuminate\Routing\Router->runRouteWithinStack() /home/ubuntu/workspace/task-list/vendor/laravel/framework/src/Illuminate/Routing/Router.php:675
[13-Oct-2017 12:13:12 Asia/Tokyo] PHP  31. Illuminate\Pipeline\Pipeline->then() /home/ubuntu/workspace/task-list/vendor/laravel/framework/src/Illuminate/Routing/Router.php:710
[13-Oct-2017 12:13:12 Asia/Tokyo] PHP  32. call_user_func:{/home/ubuntu/workspace/task-list/vendor/laravel/framework/src/Illuminate/Pipeline/Pipeline.php:103}() /home/ubuntu/workspace/task-list/vendor/laravel/framework/src/Illuminate/Pipeline/Pipeline.php:103
[13-Oct-2017 12:13:12 Asia/Tokyo] PHP  33. Illuminate\Pipeline\Pipeline->Illuminate\Pipeline\{closure}() /home/ubuntu/workspace/task-list/vendor/laravel/framework/src/Illuminate/Pipeline/Pipeline.php:103
[13-Oct-2017 12:13:12 Asia/Tokyo] PHP  34. call_user_func:{/home/ubuntu/workspace/task-list/vendor/laravel/framework/src/Illuminate/Pipeline/Pipeline.php:139}() /home/ubuntu/workspace/task-list/vendor/laravel/framework/src/Illuminate/Pipeline/Pipeline.php:139
[13-Oct-2017 12:13:12 Asia/Tokyo] PHP  35. Illuminate\Routing\Router->Illuminate\Routing\{closure}() /home/ubuntu/workspace/task-list/vendor/laravel/framework/src/Illuminate/Pipeline/Pipeline.php:139
[13-Oct-2017 12:13:12 Asia/Tokyo] PHP  36. Illuminate\Routing\Route->run() /home/ubuntu/workspace/task-list/vendor/laravel/framework/src/Illuminate/Routing/Router.php:708
[13-Oct-2017 12:13:12 Asia/Tokyo] PHP  37. Illuminate\Routing\Route->runWithCustomDispatcher() /home/ubuntu/workspace/task-list/vendor/laravel/framework/src/Illuminate/Routing/Route.php:134
[13-Oct-2017 12:13:12 Asia/Tokyo] PHP  38. Illuminate\Routing\ControllerDispatcher->dispatch() /home/ubuntu/workspace/task-list/vendor/laravel/framework/src/Illuminate/Routing/Route.php:203
[13-Oct-2017 12:13:12 Asia/Tokyo] PHP  39. Illuminate\Routing\ControllerDispatcher->callWithinStack() /home/ubuntu/workspace/task-list/vendor/laravel/framework/src/Illuminate/Routing/ControllerDispatcher.php:69
[13-Oct-2017 12:13:12 Asia/Tokyo] PHP  40. Illuminate\Pipeline\Pipeline->then() /home/ubuntu/workspace/task-list/vendor/laravel/framework/src/Illuminate/Routing/ControllerDispatcher.php:114
[13-Oct-2017 12:13:12 Asia/Tokyo] PHP  41. call_user_func:{/home/ubuntu/workspace/task-list/vendor/laravel/framework/src/Illuminate/Pipeline/Pipeline.php:103}() /home/ubuntu/workspace/task-list/vendor/laravel/framework/src/Illuminate/Pipeline/Pipeline.php:103
[13-Oct-2017 12:13:12 Asia/Tokyo] PHP  42. Illuminate\Pipeline\Pipeline->Illuminate\Pipeline\{closure}() /home/ubuntu/workspace/task-list/vendor/laravel/framework/src/Illuminate/Pipeline/Pipeline.php:103
[13-Oct-2017 12:13:12 Asia/Tokyo] PHP  43. call_user_func:{/home/ubuntu/workspace/task-list/vendor/laravel/framework/src/Illuminate/Pipeline/Pipeline.php:139}() /home/ubuntu/workspace/task-list/vendor/laravel/framework/src/Illuminate/Pipeline/Pipeline.php:139
[13-Oct-2017 12:13:12 Asia/Tokyo] PHP  44. Illuminate\Routing\ControllerDispatcher->Illuminate\Routing\{closure}() /home/ubuntu/workspace/task-list/vendor/laravel/framework/src/Illuminate/Pipeline/Pipeline.php:139
[13-Oct-2017 12:13:12 Asia/Tokyo] PHP  45. Illuminate\Routing\ControllerDispatcher->call() /home/ubuntu/workspace/task-list/vendor/laravel/framework/src/Illuminate/Routing/ControllerDispatcher.php:112
[13-Oct-2017 12:13:12 Asia/Tokyo] PHP  46. Illuminate\Routing\Controller->callAction() /home/ubuntu/workspace/task-list/vendor/laravel/framework/src/Illuminate/Routing/ControllerDispatcher.php:164
[13-Oct-2017 12:13:12 Asia/Tokyo] PHP  47. call_user_func_array:{/home/ubuntu/workspace/task-list/vendor/laravel/framework/src/Illuminate/Routing/Controller.php:256}() /home/ubuntu/workspace/task-list/vendor/laravel/framework/src/Illuminate/Routing/Controller.php:256
[13-Oct-2017 12:13:12 Asia/Tokyo] PHP  48. App\Http\Controllers\TasksController->index() /home/ubuntu/workspace/task-list/vendor/laravel/framework/src/Illuminate/Routing/Controller.php:256
[13-Oct-2017 12:14:24 Asia/Tokyo] PHP Fatal error:  Class 'App\Http\Controllers\Task' not found in /home/ubuntu/workspace/task-list/app/Http/Controllers/TasksController.php on line 21
[13-Oct-2017 12:14:24 Asia/Tokyo] PHP Stack trace:
[13-Oct-2017 12:14:24 Asia/Tokyo] PHP   1. {main}() /home/ubuntu/workspace/task-list/server.php:0
[13-Oct-2017 12:14:24 Asia/Tokyo] PHP   2. require_once() /home/ubuntu/workspace/task-list/server.php:21
[13-Oct-2017 12:14:24 Asia/Tokyo] PHP   3. Illuminate\Foundation\Http\Kernel->handle() /home/ubuntu/workspace/task-list/public/index.php:54
[13-Oct-2017 12:14:24 Asia/Tokyo] PHP   4. Illuminate\Foundation\Http\Kernel->sendRequestThroughRouter() /home/ubuntu/workspace/task-list/vendor/laravel/framework/src/Illuminate/Foundation/Http/Kernel.php:87
[13-Oct-2017 12:14:24 Asia/Tokyo] PHP   5. Illuminate\Pipeline\Pipeline->then() /home/ubuntu/workspace/task-list/vendor/laravel/framework/src/Illuminate/Foundation/Http/Kernel.php:122
[13-Oct-2017 12:14:24 Asia/Tokyo] PHP   6. call_user_func:{/home/ubuntu/workspace/task-list/vendor/laravel/framework/src/Illuminate/Pipeline/Pipeline.php:103}() /home/ubuntu/workspace/task-list/vendor/laravel/framework/src/Illuminate/Pipeline/Pipeline.php:103
[13-Oct-2017 12:14:24 Asia/Tokyo] PHP   7. Illuminate\Pipeline\Pipeline->Illuminate\Pipeline\{closure}() /home/ubuntu/workspace/task-list/vendor/laravel/framework/src/Illuminate/Pipeline/Pipeline.php:103
[13-Oct-2017 12:14:24 Asia/Tokyo] PHP   8. call_user_func_array:{/home/ubuntu/workspace/task-list/vendor/laravel/framework/src/Illuminate/Pipeline/Pipeline.php:124}() /home/ubuntu/workspace/task-list/vendor/laravel/framework/src/Illuminate/Pipeline/Pipeline.php:124
[13-Oct-2017 12:14:24 Asia/Tokyo] PHP   9. Illuminate\Foundation\Http\Middleware\CheckForMaintenanceMode->handle() /home/ubuntu/workspace/task-list/vendor/laravel/framework/src/Illuminate/Pipeline/Pipeline.php:124
[13-Oct-2017 12:14:24 Asia/Tokyo] PHP  10. Illuminate\Pipeline\Pipeline->Illuminate\Pipeline\{closure}() /home/ubuntu/workspace/task-list/vendor/laravel/framework/src/Illuminate/Foundation/Http/Middleware/CheckForMaintenanceMode.php:44
[13-Oct-2017 12:14:24 Asia/Tokyo] PHP  11. call_user_func_array:{/home/ubuntu/workspace/task-list/vendor/laravel/framework/src/Illuminate/Pipeline/Pipeline.php:124}() /home/ubuntu/workspace/task-list/vendor/laravel/framework/src/Illuminate/Pipeline/Pipeline.php:124
[13-Oct-2017 12:14:24 Asia/Tokyo] PHP  12. Illuminate\Cookie\Middleware\EncryptCookies->handle() /home/ubuntu/workspace/task-list/vendor/laravel/framework/src/Illuminate/Pipeline/Pipeline.php:124
[13-Oct-2017 12:14:24 Asia/Tokyo] PHP  13. Illuminate\Pipeline\Pipeline->Illuminate\Pipeline\{closure}() /home/ubuntu/workspace/task-list/vendor/laravel/framework/src/Illuminate/Cookie/Middleware/EncryptCookies.php:59
[13-Oct-2017 12:14:24 Asia/Tokyo] PHP  14. call_user_func_array:{/home/ubuntu/workspace/task-list/vendor/laravel/framework/src/Illuminate/Pipeline/Pipeline.php:124}() /home/ubuntu/workspace/task-list/vendor/laravel/framework/src/Illuminate/Pipeline/Pipeline.php:124
[13-Oct-2017 12:14:24 Asia/Tokyo] PHP  15. Illuminate\Cookie\Middleware\AddQueuedCookiesToResponse->handle() /home/ubuntu/workspace/task-list/vendor/laravel/framework/src/Illuminate/Pipeline/Pipeline.php:124
[13-Oct-2017 12:14:24 Asia/Tokyo] PHP  16. Illuminate\Pipeline\Pipeline->Illuminate\Pipeline\{closure}() /home/ubuntu/workspace/task-list/vendor/laravel/framework/src/Illuminate/Cookie/Middleware/AddQueuedCookiesToResponse.php:37
[13-Oct-2017 12:14:24 Asia/Tokyo] PHP  17. call_user_func_array:{/home/ubuntu/workspace/task-list/vendor/laravel/framework/src/Illuminate/Pipeline/Pipeline.php:124}() /home/ubuntu/workspace/task-list/vendor/laravel/framework/src/Illuminate/Pipeline/Pipeline.php:124
[13-Oct-2017 12:14:24 Asia/Tokyo] PHP  18. Illuminate\Session\Middleware\StartSession->handle() /home/ubuntu/workspace/task-list/vendor/laravel/framework/src/Illuminate/Pipeline/Pipeline.php:124
[13-Oct-2017 12:14:24 Asia/Tokyo] PHP  19. Illuminate\Pipeline\Pipeline->Illuminate\Pipeline\{closure}() /home/ubuntu/workspace/task-list/vendor/laravel/framework/src/Illuminate/Session/Middleware/StartSession.php:62
[13-Oct-2017 12:14:24 Asia/Tokyo] PHP  20. call_user_func_array:{/home/ubuntu/workspace/task-list/vendor/laravel/framework/src/Illuminate/Pipeline/Pipeline.php:124}() /home/ubuntu/workspace/task-list/vendor/laravel/framework/src/Illuminate/Pipeline/Pipeline.php:124
[13-Oct-2017 12:14:24 Asia/Tokyo] PHP  21. Illuminate\View\Middleware\ShareErrorsFromSession->handle() /home/ubuntu/workspace/task-list/vendor/laravel/framework/src/Illuminate/Pipeline/Pipeline.php:124
[13-Oct-2017 12:14:24 Asia/Tokyo] PHP  22. Illuminate\Pipeline\Pipeline->Illuminate\Pipeline\{closure}() /home/ubuntu/workspace/task-list/vendor/laravel/framework/src/Illuminate/View/Middleware/ShareErrorsFromSession.php:49
[13-Oct-2017 12:14:24 Asia/Tokyo] PHP  23. call_user_func_array:{/home/ubuntu/workspace/task-list/vendor/laravel/framework/src/Illuminate/Pipeline/Pipeline.php:124}() /home/ubuntu/workspace/task-list/vendor/laravel/framework/src/Illuminate/Pipeline/Pipeline.php:124
[13-Oct-2017 12:14:24 Asia/Tokyo] PHP  24. Illuminate\Foundation\Http\Middleware\VerifyCsrfToken->handle() /home/ubuntu/workspace/task-list/vendor/laravel/framework/src/Illuminate/Pipeline/Pipeline.php:124
[13-Oct-2017 12:14:24 Asia/Tokyo] PHP  25. Illuminate\Pipeline\Pipeline->Illuminate\Pipeline\{closure}() /home/ubuntu/workspace/task-list/vendor/laravel/framework/src/Illuminate/Foundation/Http/Middleware/VerifyCsrfToken.php:50
[13-Oct-2017 12:14:24 Asia/Tokyo] PHP  26. call_user_func:{/home/ubuntu/workspace/task-list/vendor/laravel/framework/src/Illuminate/Pipeline/Pipeline.php:139}() /home/ubuntu/workspace/task-list/vendor/laravel/framework/src/Illuminate/Pipeline/Pipeline.php:139
[13-Oct-2017 12:14:24 Asia/Tokyo] PHP  27. Illuminate\Foundation\Http\Kernel->Illuminate\Foundation\Http\{closure}() /home/ubuntu/workspace/task-list/vendor/laravel/framework/src/Illuminate/Pipeline/Pipeline.php:139
[13-Oct-2017 12:14:24 Asia/Tokyo] PHP  28. Illuminate\Routing\Router->dispatch() /home/ubuntu/workspace/task-list/vendor/laravel/framework/src/Illuminate/Foundation/Http/Kernel.php:236
[13-Oct-2017 12:14:24 Asia/Tokyo] PHP  29. Illuminate\Routing\Router->dispatchToRoute() /home/ubuntu/workspace/task-list/vendor/laravel/framework/src/Illuminate/Routing/Router.php:635
[13-Oct-2017 12:14:24 Asia/Tokyo] PHP  30. Illuminate\Routing\Router->runRouteWithinStack() /home/ubuntu/workspace/task-list/vendor/laravel/framework/src/Illuminate/Routing/Router.php:675
[13-Oct-2017 12:14:24 Asia/Tokyo] PHP  31. Illuminate\Pipeline\Pipeline->then() /home/ubuntu/workspace/task-list/vendor/laravel/framework/src/Illuminate/Routing/Router.php:710
[13-Oct-2017 12:14:24 Asia/Tokyo] PHP  32. call_user_func:{/home/ubuntu/workspace/task-list/vendor/laravel/framework/src/Illuminate/Pipeline/Pipeline.php:103}() /home/ubuntu/workspace/task-list/vendor/laravel/framework/src/Illuminate/Pipeline/Pipeline.php:103
[13-Oct-2017 12:14:24 Asia/Tokyo] PHP  33. Illuminate\Pipeline\Pipeline->Illuminate\Pipeline\{closure}() /home/ubuntu/workspace/task-list/vendor/laravel/framework/src/Illuminate/Pipeline/Pipeline.php:103
[13-Oct-2017 12:14:24 Asia/Tokyo] PHP  34. call_user_func:{/home/ubuntu/workspace/task-list/vendor/laravel/framework/src/Illuminate/Pipeline/Pipeline.php:139}() /home/ubuntu/workspace/task-list/vendor/laravel/framework/src/Illuminate/Pipeline/Pipeline.php:139
[13-Oct-2017 12:14:24 Asia/Tokyo] PHP  35. Illuminate\Routing\Router->Illuminate\Routing\{closure}() /home/ubuntu/workspace/task-list/vendor/laravel/framework/src/Illuminate/Pipeline/Pipeline.php:139
[13-Oct-2017 12:14:24 Asia/Tokyo] PHP  36. Illuminate\Routing\Route->run() /home/ubuntu/workspace/task-list/vendor/laravel/framework/src/Illuminate/Routing/Router.php:708
[13-Oct-2017 12:14:24 Asia/Tokyo] PHP  37. Illuminate\Routing\Route->runWithCustomDispatcher() /home/ubuntu/workspace/task-list/vendor/laravel/framework/src/Illuminate/Routing/Route.php:134
[13-Oct-2017 12:14:24 Asia/Tokyo] PHP  38. Illuminate\Routing\ControllerDispatcher->dispatch() /home/ubuntu/workspace/task-list/vendor/laravel/framework/src/Illuminate/Routing/Route.php:203
[13-Oct-2017 12:14:24 Asia/Tokyo] PHP  39. Illuminate\Routing\ControllerDispatcher->callWithinStack() /home/ubuntu/workspace/task-list/vendor/laravel/framework/src/Illuminate/Routing/ControllerDispatcher.php:69
[13-Oct-2017 12:14:24 Asia/Tokyo] PHP  40. Illuminate\Pipeline\Pipeline->then() /home/ubuntu/workspace/task-list/vendor/laravel/framework/src/Illuminate/Routing/ControllerDispatcher.php:114
[13-Oct-2017 12:14:24 Asia/Tokyo] PHP  41. call_user_func:{/home/ubuntu/workspace/task-list/vendor/laravel/framework/src/Illuminate/Pipeline/Pipeline.php:103}() /home/ubuntu/workspace/task-list/vendor/laravel/framework/src/Illuminate/Pipeline/Pipeline.php:103
[13-Oct-2017 12:14:24 Asia/Tokyo] PHP  42. Illuminate\Pipeline\Pipeline->Illuminate\Pipeline\{closure}() /home/ubuntu/workspace/task-list/vendor/laravel/framework/src/Illuminate/Pipeline/Pipeline.php:103
[13-Oct-2017 12:14:24 Asia/Tokyo] PHP  43. call_user_func:{/home/ubuntu/workspace/task-list/vendor/laravel/framework/src/Illuminate/Pipeline/Pipeline.php:139}() /home/ubuntu/workspace/task-list/vendor/laravel/framework/src/Illuminate/Pipeline/Pipeline.php:139
[13-Oct-2017 12:14:24 Asia/Tokyo] PHP  44. Illuminate\Routing\ControllerDispatcher->Illuminate\Routing\{closure}() /home/ubuntu/workspace/task-list/vendor/laravel/framework/src/Illuminate/Pipeline/Pipeline.php:139
[13-Oct-2017 12:14:24 Asia/Tokyo] PHP  45. Illuminate\Routing\ControllerDispatcher->call() /home/ubuntu/workspace/task-list/vendor/laravel/framework/src/Illuminate/Routing/ControllerDispatcher.php:112
[13-Oct-2017 12:14:24 Asia/Tokyo] PHP  46. Illuminate\Routing\Controller->callAction() /home/ubuntu/workspace/task-list/vendor/laravel/framework/src/Illuminate/Routing/ControllerDispatcher.php:164
[13-Oct-2017 12:14:24 Asia/Tokyo] PHP  47. call_user_func_array:{/home/ubuntu/workspace/task-list/vendor/laravel/framework/src/Illuminate/Routing/Controller.php:256}() /home/ubuntu/workspace/task-list/vendor/laravel/framework/src/Illuminate/Routing/Controller.php:256
[13-Oct-2017 12:14:24 Asia/Tokyo] PHP  48. App\Http\Controllers\TasksController->index() /home/ubuntu/workspace/task-list/vendor/laravel/framework/src/Illuminate/Routing/Controller.php:256
[13-Oct-2017 04:10:02 UTC] PHP Warning:  Unknown: php_network_getaddresses: getaddrinfo failed: Name or service not known in Unknown on line 0
[13-Oct-2017 07:05:14 UTC] PHP Warning:  Unknown: php_network_getaddresses: getaddrinfo failed: Name or service not known in Unknown on line 0
[14-Oct-2017 08:21:44 Asia/Tokyo] PHP Parse error:  syntax error, unexpected end of file in /home/ubuntu/workspace/task-list/storage/framework/views/c72f664f75e6322650fdf4a6ad694c51 on line 33
[14-Oct-2017 08:21:44 Asia/Tokyo] PHP Stack trace:
[14-Oct-2017 08:21:44 Asia/Tokyo] PHP   1. {main}() /home/ubuntu/workspace/task-list/server.php:0
[14-Oct-2017 08:21:44 Asia/Tokyo] PHP   2. require_once() /home/ubuntu/workspace/task-list/server.php:21
[14-Oct-2017 08:21:44 Asia/Tokyo] PHP   3. Illuminate\Foundation\Http\Kernel->handle() /home/ubuntu/workspace/task-list/public/index.php:54
[14-Oct-2017 08:21:44 Asia/Tokyo] PHP   4. Illuminate\Foundation\Http\Kernel->sendRequestThroughRouter() /home/ubuntu/workspace/task-list/vendor/laravel/framework/src/Illuminate/Foundation/Http/Kernel.php:87
[14-Oct-2017 08:21:44 Asia/Tokyo] PHP   5. Illuminate\Pipeline\Pipeline->then() /home/ubuntu/workspace/task-list/vendor/laravel/framework/src/Illuminate/Foundation/Http/Kernel.php:122
[14-Oct-2017 08:21:44 Asia/Tokyo] PHP   6. call_user_func:{/home/ubuntu/workspace/task-list/vendor/laravel/framework/src/Illuminate/Pipeline/Pipeline.php:103}() /home/ubuntu/workspace/task-list/vendor/laravel/framework/src/Illuminate/Pipeline/Pipeline.php:103
[14-Oct-2017 08:21:44 Asia/Tokyo] PHP   7. Illuminate\Pipeline\Pipeline->Illuminate\Pipeline\{closure}() /home/ubuntu/workspace/task-list/vendor/laravel/framework/src/Illuminate/Pipeline/Pipeline.php:103
[14-Oct-2017 08:21:44 Asia/Tokyo] PHP   8. call_user_func_array:{/home/ubuntu/workspace/task-list/vendor/laravel/framework/src/Illuminate/Pipeline/Pipeline.php:124}() /home/ubuntu/workspace/task-list/vendor/laravel/framework/src/Illuminate/Pipeline/Pipeline.php:124
[14-Oct-2017 08:21:44 Asia/Tokyo] PHP   9. Illuminate\Foundation\Http\Middleware\CheckForMaintenanceMode->handle() /home/ubuntu/workspace/task-list/vendor/laravel/framework/src/Illuminate/Pipeline/Pipeline.php:124
[14-Oct-2017 08:21:44 Asia/Tokyo] PHP  10. Illuminate\Pipeline\Pipeline->Illuminate\Pipeline\{closure}() /home/ubuntu/workspace/task-list/vendor/laravel/framework/src/Illuminate/Foundation/Http/Middleware/CheckForMaintenanceMode.php:44
[14-Oct-2017 08:21:44 Asia/Tokyo] PHP  11. call_user_func_array:{/home/ubuntu/workspace/task-list/vendor/laravel/framework/src/Illuminate/Pipeline/Pipeline.php:124}() /home/ubuntu/workspace/task-list/vendor/laravel/framework/src/Illuminate/Pipeline/Pipeline.php:124
[14-Oct-2017 08:21:44 Asia/Tokyo] PHP  12. Illuminate\Cookie\Middleware\EncryptCookies->handle() /home/ubuntu/workspace/task-list/vendor/laravel/framework/src/Illuminate/Pipeline/Pipeline.php:124
[14-Oct-2017 08:21:44 Asia/Tokyo] PHP  13. Illuminate\Pipeline\Pipeline->Illuminate\Pipeline\{closure}() /home/ubuntu/workspace/task-list/vendor/laravel/framework/src/Illuminate/Cookie/Middleware/EncryptCookies.php:59
[14-Oct-2017 08:21:44 Asia/Tokyo] PHP  14. call_user_func_array:{/home/ubuntu/workspace/task-list/vendor/laravel/framework/src/Illuminate/Pipeline/Pipeline.php:124}() /home/ubuntu/workspace/task-list/vendor/laravel/framework/src/Illuminate/Pipeline/Pipeline.php:124
[14-Oct-2017 08:21:44 Asia/Tokyo] PHP  15. Illuminate\Cookie\Middleware\AddQueuedCookiesToResponse->handle() /home/ubuntu/workspace/task-list/vendor/laravel/framework/src/Illuminate/Pipeline/Pipeline.php:124
[14-Oct-2017 08:21:44 Asia/Tokyo] PHP  16. Illuminate\Pipeline\Pipeline->Illuminate\Pipeline\{closure}() /home/ubuntu/workspace/task-list/vendor/laravel/framework/src/Illuminate/Cookie/Middleware/AddQueuedCookiesToResponse.php:37
[14-Oct-2017 08:21:44 Asia/Tokyo] PHP  17. call_user_func_array:{/home/ubuntu/workspace/task-list/vendor/laravel/framework/src/Illuminate/Pipeline/Pipeline.php:124}() /home/ubuntu/workspace/task-list/vendor/laravel/framework/src/Illuminate/Pipeline/Pipeline.php:124
[14-Oct-2017 08:21:44 Asia/Tokyo] PHP  18. Illuminate\Session\Middleware\StartSession->handle() /home/ubuntu/workspace/task-list/vendor/laravel/framework/src/Illuminate/Pipeline/Pipeline.php:124
[14-Oct-2017 08:21:44 Asia/Tokyo] PHP  19. Illuminate\Pipeline\Pipeline->Illuminate\Pipeline\{closure}() /home/ubuntu/workspace/task-list/vendor/laravel/framework/src/Illuminate/Session/Middleware/StartSession.php:62
[14-Oct-2017 08:21:44 Asia/Tokyo] PHP  20. call_user_func_array:{/home/ubuntu/workspace/task-list/vendor/laravel/framework/src/Illuminate/Pipeline/Pipeline.php:124}() /home/ubuntu/workspace/task-list/vendor/laravel/framework/src/Illuminate/Pipeline/Pipeline.php:124
[14-Oct-2017 08:21:44 Asia/Tokyo] PHP  21. Illuminate\View\Middleware\ShareErrorsFromSession->handle() /home/ubuntu/workspace/task-list/vendor/laravel/framework/src/Illuminate/Pipeline/Pipeline.php:124
[14-Oct-2017 08:21:44 Asia/Tokyo] PHP  22. Illuminate\Pipeline\Pipeline->Illuminate\Pipeline\{closure}() /home/ubuntu/workspace/task-list/vendor/laravel/framework/src/Illuminate/View/Middleware/ShareErrorsFromSession.php:49
[14-Oct-2017 08:21:44 Asia/Tokyo] PHP  23. call_user_func_array:{/home/ubuntu/workspace/task-list/vendor/laravel/framework/src/Illuminate/Pipeline/Pipeline.php:124}() /home/ubuntu/workspace/task-list/vendor/laravel/framework/src/Illuminate/Pipeline/Pipeline.php:124
[14-Oct-2017 08:21:44 Asia/Tokyo] PHP  24. Illuminate\Foundation\Http\Middleware\VerifyCsrfToken->handle() /home/ubuntu/workspace/task-list/vendor/laravel/framework/src/Illuminate/Pipeline/Pipeline.php:124
[14-Oct-2017 08:21:44 Asia/Tokyo] PHP  25. Illuminate\Pipeline\Pipeline->Illuminate\Pipeline\{closure}() /home/ubuntu/workspace/task-list/vendor/laravel/framework/src/Illuminate/Foundation/Http/Middleware/VerifyCsrfToken.php:50
[14-Oct-2017 08:21:44 Asia/Tokyo] PHP  26. call_user_func:{/home/ubuntu/workspace/task-list/vendor/laravel/framework/src/Illuminate/Pipeline/Pipeline.php:139}() /home/ubuntu/workspace/task-list/vendor/laravel/framework/src/Illuminate/Pipeline/Pipeline.php:139
[14-Oct-2017 08:21:44 Asia/Tokyo] PHP  27. Illuminate\Foundation\Http\Kernel->Illuminate\Foundation\Http\{closure}() /home/ubuntu/workspace/task-list/vendor/laravel/framework/src/Illuminate/Pipeline/Pipeline.php:139
[14-Oct-2017 08:21:44 Asia/Tokyo] PHP  28. Illuminate\Routing\Router->dispatch() /home/ubuntu/workspace/task-list/vendor/laravel/framework/src/Illuminate/Foundation/Http/Kernel.php:236
[14-Oct-2017 08:21:44 Asia/Tokyo] PHP  29. Illuminate\Routing\Router->dispatchToRoute() /home/ubuntu/workspace/task-list/vendor/laravel/framework/src/Illuminate/Routing/Router.php:635
[14-Oct-2017 08:21:44 Asia/Tokyo] PHP  30. Illuminate\Routing\Router->runRouteWithinStack() /home/ubuntu/workspace/task-list/vendor/laravel/framework/src/Illuminate/Routing/Router.php:675
[14-Oct-2017 08:21:44 Asia/Tokyo] PHP  31. Illuminate\Pipeline\Pipeline->then() /home/ubuntu/workspace/task-list/vendor/laravel/framework/src/Illuminate/Routing/Router.php:710
[14-Oct-2017 08:21:44 Asia/Tokyo] PHP  32. call_user_func:{/home/ubuntu/workspace/task-list/vendor/laravel/framework/src/Illuminate/Pipeline/Pipeline.php:103}() /home/ubuntu/workspace/task-list/vendor/laravel/framework/src/Illuminate/Pipeline/Pipeline.php:103
[14-Oct-2017 08:21:44 Asia/Tokyo] PHP  33. Illuminate\Pipeline\Pipeline->Illuminate\Pipeline\{closure}() /home/ubuntu/workspace/task-list/vendor/laravel/framework/src/Illuminate/Pipeline/Pipeline.php:103
[14-Oct-2017 08:21:44 Asia/Tokyo] PHP  34. call_user_func:{/home/ubuntu/workspace/task-list/vendor/laravel/framework/src/Illuminate/Pipeline/Pipeline.php:139}() /home/ubuntu/workspace/task-list/vendor/laravel/framework/src/Illuminate/Pipeline/Pipeline.php:139
[14-Oct-2017 08:21:44 Asia/Tokyo] PHP  35. Illuminate\Routing\Router->Illuminate\Routing\{closure}() /home/ubuntu/workspace/task-list/vendor/laravel/framework/src/Illuminate/Pipeline/Pipeline.php:139
[14-Oct-2017 08:21:44 Asia/Tokyo] PHP  36. Illuminate\Routing\Router->prepareResponse() /home/ubuntu/workspace/task-list/vendor/laravel/framework/src/Illuminate/Routing/Router.php:709
[14-Oct-2017 08:21:44 Asia/Tokyo] PHP  37. Symfony\Component\HttpFoundation\Response->__construct() /home/ubuntu/workspace/task-list/vendor/laravel/framework/src/Illuminate/Routing/Router.php:1229
[14-Oct-2017 08:21:44 Asia/Tokyo] PHP  38. Illuminate\Http\Response->setContent() /home/ubuntu/workspace/task-list/vendor/symfony/http-foundation/Response.php:200
[14-Oct-2017 08:21:44 Asia/Tokyo] PHP  39. Illuminate\View\View->render() /home/ubuntu/workspace/task-list/vendor/laravel/framework/src/Illuminate/Http/Response.php:51
[14-Oct-2017 08:21:44 Asia/Tokyo] PHP  40. Illuminate\View\View->renderContents() /home/ubuntu/workspace/task-list/vendor/laravel/framework/src/Illuminate/View/View.php:83
[14-Oct-2017 08:21:44 Asia/Tokyo] PHP  41. Illuminate\View\View->getContents() /home/ubuntu/workspace/task-list/vendor/laravel/framework/src/Illuminate/View/View.php:118
[14-Oct-2017 08:21:44 Asia/Tokyo] PHP  42. Illuminate\View\Engines\CompilerEngine->get() /home/ubuntu/workspace/task-list/vendor/laravel/framework/src/Illuminate/View/View.php:147
[14-Oct-2017 08:21:44 Asia/Tokyo] PHP  43. Illuminate\View\Engines\PhpEngine->evaluatePath() /home/ubuntu/workspace/task-list/vendor/laravel/framework/src/Illuminate/View/Engines/CompilerEngine.php:58
[14-Oct-2017 08:21:44 Asia/Tokyo] PHP  44. include() /home/ubuntu/workspace/task-list/vendor/laravel/framework/src/Illuminate/View/Engines/PhpEngine.php:42
[14-Oct-2017 08:21:44 Asia/Tokyo] PHP  45. Illuminate\View\View->render() /home/ubuntu/workspace/task-list/storage/framework/views/fc75f5c5830693b67468cb093197f181:10
[14-Oct-2017 08:21:44 Asia/Tokyo] PHP  46. Illuminate\View\View->renderContents() /home/ubuntu/workspace/task-list/vendor/laravel/framework/src/Illuminate/View/View.php:83
[14-Oct-2017 08:21:44 Asia/Tokyo] PHP  47. Illuminate\View\View->getContents() /home/ubuntu/workspace/task-list/vendor/laravel/framework/src/Illuminate/View/View.php:118
[14-Oct-2017 08:21:44 Asia/Tokyo] PHP  48. Illuminate\View\Engines\CompilerEngine->get() /home/ubuntu/workspace/task-list/vendor/laravel/framework/src/Illuminate/View/View.php:147
[14-Oct-2017 08:21:44 Asia/Tokyo] PHP  49. Illuminate\View\Engines\PhpEngine->evaluatePath() /home/ubuntu/workspace/task-list/vendor/laravel/framework/src/Illuminate/View/Engines/CompilerEngine.php:58
[14-Oct-2017 08:21:44 Asia/Tokyo] PHP  50. include() /home/ubuntu/workspace/task-list/vendor/laravel/framework/src/Illuminate/View/Engines/PhpEngine.php:42
[14-Oct-2017 08:21:44 Asia/Tokyo] PHP  51. Illuminate\View\View->render() /home/ubuntu/workspace/task-list/storage/framework/views/0de6c231ffc2ac24549ae7d677c02194:17
[14-Oct-2017 08:21:44 Asia/Tokyo] PHP  52. Illuminate\View\View->renderContents() /home/ubuntu/workspace/task-list/vendor/laravel/framework/src/Illuminate/View/View.php:83
[14-Oct-2017 08:21:44 Asia/Tokyo] PHP  53. Illuminate\View\View->getContents() /home/ubuntu/workspace/task-list/vendor/laravel/framework/src/Illuminate/View/View.php:118
[14-Oct-2017 08:21:44 Asia/Tokyo] PHP  54. Illuminate\View\Engines\CompilerEngine->get() /home/ubuntu/workspace/task-list/vendor/laravel/framework/src/Illuminate/View/View.php:147
[14-Oct-2017 08:21:44 Asia/Tokyo] PHP  55. Illuminate\View\Engines\PhpEngine->evaluatePath() /home/ubuntu/workspace/task-list/vendor/laravel/framework/src/Illuminate/View/Engines/CompilerEngine.php:58
[14-Oct-2017 08:22:04 Asia/Tokyo] PHP Parse error:  syntax error, unexpected end of file in /home/ubuntu/workspace/task-list/storage/framework/views/c72f664f75e6322650fdf4a6ad694c51 on line 33
[14-Oct-2017 08:22:04 Asia/Tokyo] PHP Stack trace:
[14-Oct-2017 08:22:04 Asia/Tokyo] PHP   1. {main}() /home/ubuntu/workspace/task-list/server.php:0
[14-Oct-2017 08:22:04 Asia/Tokyo] PHP   2. require_once() /home/ubuntu/workspace/task-list/server.php:21
[14-Oct-2017 08:22:04 Asia/Tokyo] PHP   3. Illuminate\Foundation\Http\Kernel->handle() /home/ubuntu/workspace/task-list/public/index.php:54
[14-Oct-2017 08:22:04 Asia/Tokyo] PHP   4. Illuminate\Foundation\Http\Kernel->sendRequestThroughRouter() /home/ubuntu/workspace/task-list/vendor/laravel/framework/src/Illuminate/Foundation/Http/Kernel.php:87
[14-Oct-2017 08:22:04 Asia/Tokyo] PHP   5. Illuminate\Pipeline\Pipeline->then() /home/ubuntu/workspace/task-list/vendor/laravel/framework/src/Illuminate/Foundation/Http/Kernel.php:122
[14-Oct-2017 08:22:04 Asia/Tokyo] PHP   6. call_user_func:{/home/ubuntu/workspace/task-list/vendor/laravel/framework/src/Illuminate/Pipeline/Pipeline.php:103}() /home/ubuntu/workspace/task-list/vendor/laravel/framework/src/Illuminate/Pipeline/Pipeline.php:103
[14-Oct-2017 08:22:04 Asia/Tokyo] PHP   7. Illuminate\Pipeline\Pipeline->Illuminate\Pipeline\{closure}() /home/ubuntu/workspace/task-list/vendor/laravel/framework/src/Illuminate/Pipeline/Pipeline.php:103
[14-Oct-2017 08:22:04 Asia/Tokyo] PHP   8. call_user_func_array:{/home/ubuntu/workspace/task-list/vendor/laravel/framework/src/Illuminate/Pipeline/Pipeline.php:124}() /home/ubuntu/workspace/task-list/vendor/laravel/framework/src/Illuminate/Pipeline/Pipeline.php:124
[14-Oct-2017 08:22:04 Asia/Tokyo] PHP   9. Illuminate\Foundation\Http\Middleware\CheckForMaintenanceMode->handle() /home/ubuntu/workspace/task-list/vendor/laravel/framework/src/Illuminate/Pipeline/Pipeline.php:124
[14-Oct-2017 08:22:04 Asia/Tokyo] PHP  10. Illuminate\Pipeline\Pipeline->Illuminate\Pipeline\{closure}() /home/ubuntu/workspace/task-list/vendor/laravel/framework/src/Illuminate/Foundation/Http/Middleware/CheckForMaintenanceMode.php:44
[14-Oct-2017 08:22:04 Asia/Tokyo] PHP  11. call_user_func_array:{/home/ubuntu/workspace/task-list/vendor/laravel/framework/src/Illuminate/Pipeline/Pipeline.php:124}() /home/ubuntu/workspace/task-list/vendor/laravel/framework/src/Illuminate/Pipeline/Pipeline.php:124
[14-Oct-2017 08:22:04 Asia/Tokyo] PHP  12. Illuminate\Cookie\Middleware\EncryptCookies->handle() /home/ubuntu/workspace/task-list/vendor/laravel/framework/src/Illuminate/Pipeline/Pipeline.php:124
[14-Oct-2017 08:22:04 Asia/Tokyo] PHP  13. Illuminate\Pipeline\Pipeline->Illuminate\Pipeline\{closure}() /home/ubuntu/workspace/task-list/vendor/laravel/framework/src/Illuminate/Cookie/Middleware/EncryptCookies.php:59
[14-Oct-2017 08:22:04 Asia/Tokyo] PHP  14. call_user_func_array:{/home/ubuntu/workspace/task-list/vendor/laravel/framework/src/Illuminate/Pipeline/Pipeline.php:124}() /home/ubuntu/workspace/task-list/vendor/laravel/framework/src/Illuminate/Pipeline/Pipeline.php:124
[14-Oct-2017 08:22:04 Asia/Tokyo] PHP  15. Illuminate\Cookie\Middleware\AddQueuedCookiesToResponse->handle() /home/ubuntu/workspace/task-list/vendor/laravel/framework/src/Illuminate/Pipeline/Pipeline.php:124
[14-Oct-2017 08:22:04 Asia/Tokyo] PHP  16. Illuminate\Pipeline\Pipeline->Illuminate\Pipeline\{closure}() /home/ubuntu/workspace/task-list/vendor/laravel/framework/src/Illuminate/Cookie/Middleware/AddQueuedCookiesToResponse.php:37
[14-Oct-2017 08:22:04 Asia/Tokyo] PHP  17. call_user_func_array:{/home/ubuntu/workspace/task-list/vendor/laravel/framework/src/Illuminate/Pipeline/Pipeline.php:124}() /home/ubuntu/workspace/task-list/vendor/laravel/framework/src/Illuminate/Pipeline/Pipeline.php:124
[14-Oct-2017 08:22:04 Asia/Tokyo] PHP  18. Illuminate\Session\Middleware\StartSession->handle() /home/ubuntu/workspace/task-list/vendor/laravel/framework/src/Illuminate/Pipeline/Pipeline.php:124
[14-Oct-2017 08:22:04 Asia/Tokyo] PHP  19. Illuminate\Pipeline\Pipeline->Illuminate\Pipeline\{closure}() /home/ubuntu/workspace/task-list/vendor/laravel/framework/src/Illuminate/Session/Middleware/StartSession.php:62
[14-Oct-2017 08:22:04 Asia/Tokyo] PHP  20. call_user_func_array:{/home/ubuntu/workspace/task-list/vendor/laravel/framework/src/Illuminate/Pipeline/Pipeline.php:124}() /home/ubuntu/workspace/task-list/vendor/laravel/framework/src/Illuminate/Pipeline/Pipeline.php:124
[14-Oct-2017 08:22:04 Asia/Tokyo] PHP  21. Illuminate\View\Middleware\ShareErrorsFromSession->handle() /home/ubuntu/workspace/task-list/vendor/laravel/framework/src/Illuminate/Pipeline/Pipeline.php:124
[14-Oct-2017 08:22:04 Asia/Tokyo] PHP  22. Illuminate\Pipeline\Pipeline->Illuminate\Pipeline\{closure}() /home/ubuntu/workspace/task-list/vendor/laravel/framework/src/Illuminate/View/Middleware/ShareErrorsFromSession.php:49
[14-Oct-2017 08:22:04 Asia/Tokyo] PHP  23. call_user_func_array:{/home/ubuntu/workspace/task-list/vendor/laravel/framework/src/Illuminate/Pipeline/Pipeline.php:124}() /home/ubuntu/workspace/task-list/vendor/laravel/framework/src/Illuminate/Pipeline/Pipeline.php:124
[14-Oct-2017 08:22:04 Asia/Tokyo] PHP  24. Illuminate\Foundation\Http\Middleware\VerifyCsrfToken->handle() /home/ubuntu/workspace/task-list/vendor/laravel/framework/src/Illuminate/Pipeline/Pipeline.php:124
[14-Oct-2017 08:22:04 Asia/Tokyo] PHP  25. Illuminate\Pipeline\Pipeline->Illuminate\Pipeline\{closure}() /home/ubuntu/workspace/task-list/vendor/laravel/framework/src/Illuminate/Foundation/Http/Middleware/VerifyCsrfToken.php:50
[14-Oct-2017 08:22:04 Asia/Tokyo] PHP  26. call_user_func:{/home/ubuntu/workspace/task-list/vendor/laravel/framework/src/Illuminate/Pipeline/Pipeline.php:139}() /home/ubuntu/workspace/task-list/vendor/laravel/framework/src/Illuminate/Pipeline/Pipeline.php:139
[14-Oct-2017 08:22:04 Asia/Tokyo] PHP  27. Illuminate\Foundation\Http\Kernel->Illuminate\Foundation\Http\{closure}() /home/ubuntu/workspace/task-list/vendor/laravel/framework/src/Illuminate/Pipeline/Pipeline.php:139
[14-Oct-2017 08:22:04 Asia/Tokyo] PHP  28. Illuminate\Routing\Router->dispatch() /home/ubuntu/workspace/task-list/vendor/laravel/framework/src/Illuminate/Foundation/Http/Kernel.php:236
[14-Oct-2017 08:22:04 Asia/Tokyo] PHP  29. Illuminate\Routing\Router->dispatchToRoute() /home/ubuntu/workspace/task-list/vendor/laravel/framework/src/Illuminate/Routing/Router.php:635
[14-Oct-2017 08:22:04 Asia/Tokyo] PHP  30. Illuminate\Routing\Router->runRouteWithinStack() /home/ubuntu/workspace/task-list/vendor/laravel/framework/src/Illuminate/Routing/Router.php:675
[14-Oct-2017 08:22:04 Asia/Tokyo] PHP  31. Illuminate\Pipeline\Pipeline->then() /home/ubuntu/workspace/task-list/vendor/laravel/framework/src/Illuminate/Routing/Router.php:710
[14-Oct-2017 08:22:04 Asia/Tokyo] PHP  32. call_user_func:{/home/ubuntu/workspace/task-list/vendor/laravel/framework/src/Illuminate/Pipeline/Pipeline.php:103}() /home/ubuntu/workspace/task-list/vendor/laravel/framework/src/Illuminate/Pipeline/Pipeline.php:103
[14-Oct-2017 08:22:04 Asia/Tokyo] PHP  33. Illuminate\Pipeline\Pipeline->Illuminate\Pipeline\{closure}() /home/ubuntu/workspace/task-list/vendor/laravel/framework/src/Illuminate/Pipeline/Pipeline.php:103
[14-Oct-2017 08:22:04 Asia/Tokyo] PHP  34. call_user_func:{/home/ubuntu/workspace/task-list/vendor/laravel/framework/src/Illuminate/Pipeline/Pipeline.php:139}() /home/ubuntu/workspace/task-list/vendor/laravel/framework/src/Illuminate/Pipeline/Pipeline.php:139
[14-Oct-2017 08:22:04 Asia/Tokyo] PHP  35. Illuminate\Routing\Router->Illuminate\Routing\{closure}() /home/ubuntu/workspace/task-list/vendor/laravel/framework/src/Illuminate/Pipeline/Pipeline.php:139
[14-Oct-2017 08:22:04 Asia/Tokyo] PHP  36. Illuminate\Routing\Router->prepareResponse() /home/ubuntu/workspace/task-list/vendor/laravel/framework/src/Illuminate/Routing/Router.php:709
[14-Oct-2017 08:22:04 Asia/Tokyo] PHP  37. Symfony\Component\HttpFoundation\Response->__construct() /home/ubuntu/workspace/task-list/vendor/laravel/framework/src/Illuminate/Routing/Router.php:1229
[14-Oct-2017 08:22:04 Asia/Tokyo] PHP  38. Illuminate\Http\Response->setContent() /home/ubuntu/workspace/task-list/vendor/symfony/http-foundation/Response.php:200
[14-Oct-2017 08:22:04 Asia/Tokyo] PHP  39. Illuminate\View\View->render() /home/ubuntu/workspace/task-list/vendor/laravel/framework/src/Illuminate/Http/Response.php:51
[14-Oct-2017 08:22:04 Asia/Tokyo] PHP  40. Illuminate\View\View->renderContents() /home/ubuntu/workspace/task-list/vendor/laravel/framework/src/Illuminate/View/View.php:83
[14-Oct-2017 08:22:04 Asia/Tokyo] PHP  41. Illuminate\View\View->getContents() /home/ubuntu/workspace/task-list/vendor/laravel/framework/src/Illuminate/View/View.php:118
[14-Oct-2017 08:22:04 Asia/Tokyo] PHP  42. Illuminate\View\Engines\CompilerEngine->get() /home/ubuntu/workspace/task-list/vendor/laravel/framework/src/Illuminate/View/View.php:147
[14-Oct-2017 08:22:04 Asia/Tokyo] PHP  43. Illuminate\View\Engines\PhpEngine->evaluatePath() /home/ubuntu/workspace/task-list/vendor/laravel/framework/src/Illuminate/View/Engines/CompilerEngine.php:58
[14-Oct-2017 08:22:04 Asia/Tokyo] PHP  44. include() /home/ubuntu/workspace/task-list/vendor/laravel/framework/src/Illuminate/View/Engines/PhpEngine.php:42
[14-Oct-2017 08:22:04 Asia/Tokyo] PHP  45. Illuminate\View\View->render() /home/ubuntu/workspace/task-list/storage/framework/views/fc75f5c5830693b67468cb093197f181:10
[14-Oct-2017 08:22:04 Asia/Tokyo] PHP  46. Illuminate\View\View->renderContents() /home/ubuntu/workspace/task-list/vendor/laravel/framework/src/Illuminate/View/View.php:83
[14-Oct-2017 08:22:04 Asia/Tokyo] PHP  47. Illuminate\View\View->getContents() /home/ubuntu/workspace/task-list/vendor/laravel/framework/src/Illuminate/View/View.php:118
[14-Oct-2017 08:22:04 Asia/Tokyo] PHP  48. Illuminate\View\Engines\CompilerEngine->get() /home/ubuntu/workspace/task-list/vendor/laravel/framework/src/Illuminate/View/View.php:147
[14-Oct-2017 08:22:04 Asia/Tokyo] PHP  49. Illuminate\View\Engines\PhpEngine->evaluatePath() /home/ubuntu/workspace/task-list/vendor/laravel/framework/src/Illuminate/View/Engines/CompilerEngine.php:58
[14-Oct-2017 08:22:04 Asia/Tokyo] PHP  50. include() /home/ubuntu/workspace/task-list/vendor/laravel/framework/src/Illuminate/View/Engines/PhpEngine.php:42
[14-Oct-2017 08:22:04 Asia/Tokyo] PHP  51. Illuminate\View\View->render() /home/ubuntu/workspace/task-list/storage/framework/views/0de6c231ffc2ac24549ae7d677c02194:17
[14-Oct-2017 08:22:04 Asia/Tokyo] PHP  52. Illuminate\View\View->renderContents() /home/ubuntu/workspace/task-list/vendor/laravel/framework/src/Illuminate/View/View.php:83
[14-Oct-2017 08:22:04 Asia/Tokyo] PHP  53. Illuminate\View\View->getContents() /home/ubuntu/workspace/task-list/vendor/laravel/framework/src/Illuminate/View/View.php:118
[14-Oct-2017 08:22:04 Asia/Tokyo] PHP  54. Illuminate\View\Engines\CompilerEngine->get() /home/ubuntu/workspace/task-list/vendor/laravel/framework/src/Illuminate/View/View.php:147
[14-Oct-2017 08:22:04 Asia/Tokyo] PHP  55. Illuminate\View\Engines\PhpEngine->evaluatePath() /home/ubuntu/workspace/task-list/vendor/laravel/framework/src/Illuminate/View/Engines/CompilerEngine.php:58
[14-Oct-2017 11:28:38 Asia/Tokyo] PHP Fatal error:  Class 'Thomaswelton\LaravelGravatar\LaravelGravatarServiceProvider' not found in /home/ubuntu/workspace/task-list/vendor/laravel/framework/src/Illuminate/Foundation/ProviderRepository.php on line 146
[14-Oct-2017 11:28:38 Asia/Tokyo] PHP Stack trace:
[14-Oct-2017 11:28:38 Asia/Tokyo] PHP   1. {main}() /home/ubuntu/workspace/task-list/server.php:0
[14-Oct-2017 11:28:38 Asia/Tokyo] PHP   2. require_once() /home/ubuntu/workspace/task-list/server.php:21
[14-Oct-2017 11:28:38 Asia/Tokyo] PHP   3. Illuminate\Foundation\Http\Kernel->handle() /home/ubuntu/workspace/task-list/public/index.php:54
[14-Oct-2017 11:28:38 Asia/Tokyo] PHP   4. Illuminate\Foundation\Http\Kernel->sendRequestThroughRouter() /home/ubuntu/workspace/task-list/vendor/laravel/framework/src/Illuminate/Foundation/Http/Kernel.php:87
[14-Oct-2017 11:28:38 Asia/Tokyo] PHP   5. Illuminate\Foundation\Http\Kernel->bootstrap() /home/ubuntu/workspace/task-list/vendor/laravel/framework/src/Illuminate/Foundation/Http/Kernel.php:117
[14-Oct-2017 11:28:38 Asia/Tokyo] PHP   6. Illuminate\Foundation\Application->bootstrapWith() /home/ubuntu/workspace/task-list/vendor/laravel/framework/src/Illuminate/Foundation/Http/Kernel.php:222
[14-Oct-2017 11:28:38 Asia/Tokyo] PHP   7. Illuminate\Foundation\Bootstrap\RegisterProviders->bootstrap() /home/ubuntu/workspace/task-list/vendor/laravel/framework/src/Illuminate/Foundation/Application.php:203
[14-Oct-2017 11:28:38 Asia/Tokyo] PHP   8. Illuminate\Foundation\Application->registerConfiguredProviders() /home/ubuntu/workspace/task-list/vendor/laravel/framework/src/Illuminate/Foundation/Bootstrap/RegisterProviders.php:17
[14-Oct-2017 11:28:38 Asia/Tokyo] PHP   9. Illuminate\Foundation\ProviderRepository->load() /home/ubuntu/workspace/task-list/vendor/laravel/framework/src/Illuminate/Foundation/Application.php:507
[14-Oct-2017 11:28:38 Asia/Tokyo] PHP  10. Illuminate\Foundation\ProviderRepository->compileManifest() /home/ubuntu/workspace/task-list/vendor/laravel/framework/src/Illuminate/Foundation/ProviderRepository.php:60
[14-Oct-2017 11:28:38 Asia/Tokyo] PHP  11. Illuminate\Foundation\ProviderRepository->createProvider() /home/ubuntu/workspace/task-list/vendor/laravel/framework/src/Illuminate/Foundation/ProviderRepository.php:114
[14-Oct-2017 04:30:21 UTC] PHP Warning:  Unknown: php_network_getaddresses: getaddrinfo failed: Name or service not known in Unknown on line 0
[15-Oct-2017 09:51:00 Asia/Tokyo] PHP Parse error:  syntax error, unexpected '=>' (T_DOUBLE_ARROW), expecting ']' in /home/ubuntu/workspace/task-list/storage/framework/views/fc75f5c5830693b67468cb093197f181 on line 21
[15-Oct-2017 09:51:00 Asia/Tokyo] PHP Stack trace:
[15-Oct-2017 09:51:00 Asia/Tokyo] PHP   1. {main}() /home/ubuntu/workspace/task-list/server.php:0
[15-Oct-2017 09:51:00 Asia/Tokyo] PHP   2. require_once() /home/ubuntu/workspace/task-list/server.php:21
[15-Oct-2017 09:51:00 Asia/Tokyo] PHP   3. Illuminate\Foundation\Http\Kernel->handle() /home/ubuntu/workspace/task-list/public/index.php:54
[15-Oct-2017 09:51:00 Asia/Tokyo] PHP   4. Illuminate\Foundation\Http\Kernel->sendRequestThroughRouter() /home/ubuntu/workspace/task-list/vendor/laravel/framework/src/Illuminate/Foundation/Http/Kernel.php:87
[15-Oct-2017 09:51:00 Asia/Tokyo] PHP   5. Illuminate\Pipeline\Pipeline->then() /home/ubuntu/workspace/task-list/vendor/laravel/framework/src/Illuminate/Foundation/Http/Kernel.php:122
[15-Oct-2017 09:51:00 Asia/Tokyo] PHP   6. call_user_func:{/home/ubuntu/workspace/task-list/vendor/laravel/framework/src/Illuminate/Pipeline/Pipeline.php:103}() /home/ubuntu/workspace/task-list/vendor/laravel/framework/src/Illuminate/Pipeline/Pipeline.php:103
[15-Oct-2017 09:51:00 Asia/Tokyo] PHP   7. Illuminate\Pipeline\Pipeline->Illuminate\Pipeline\{closure}() /home/ubuntu/workspace/task-list/vendor/laravel/framework/src/Illuminate/Pipeline/Pipeline.php:103
[15-Oct-2017 09:51:00 Asia/Tokyo] PHP   8. call_user_func_array:{/home/ubuntu/workspace/task-list/vendor/laravel/framework/src/Illuminate/Pipeline/Pipeline.php:124}() /home/ubuntu/workspace/task-list/vendor/laravel/framework/src/Illuminate/Pipeline/Pipeline.php:124
[15-Oct-2017 09:51:00 Asia/Tokyo] PHP   9. Illuminate\Foundation\Http\Middleware\CheckForMaintenanceMode->handle() /home/ubuntu/workspace/task-list/vendor/laravel/framework/src/Illuminate/Pipeline/Pipeline.php:124
[15-Oct-2017 09:51:00 Asia/Tokyo] PHP  10. Illuminate\Pipeline\Pipeline->Illuminate\Pipeline\{closure}() /home/ubuntu/workspace/task-list/vendor/laravel/framework/src/Illuminate/Foundation/Http/Middleware/CheckForMaintenanceMode.php:44
[15-Oct-2017 09:51:00 Asia/Tokyo] PHP  11. call_user_func_array:{/home/ubuntu/workspace/task-list/vendor/laravel/framework/src/Illuminate/Pipeline/Pipeline.php:124}() /home/ubuntu/workspace/task-list/vendor/laravel/framework/src/Illuminate/Pipeline/Pipeline.php:124
[15-Oct-2017 09:51:00 Asia/Tokyo] PHP  12. Illuminate\Cookie\Middleware\EncryptCookies->handle() /home/ubuntu/workspace/task-list/vendor/laravel/framework/src/Illuminate/Pipeline/Pipeline.php:124
[15-Oct-2017 09:51:00 Asia/Tokyo] PHP  13. Illuminate\Pipeline\Pipeline->Illuminate\Pipeline\{closure}() /home/ubuntu/workspace/task-list/vendor/laravel/framework/src/Illuminate/Cookie/Middleware/EncryptCookies.php:59
[15-Oct-2017 09:51:00 Asia/Tokyo] PHP  14. call_user_func_array:{/home/ubuntu/workspace/task-list/vendor/laravel/framework/src/Illuminate/Pipeline/Pipeline.php:124}() /home/ubuntu/workspace/task-list/vendor/laravel/framework/src/Illuminate/Pipeline/Pipeline.php:124
[15-Oct-2017 09:51:00 Asia/Tokyo] PHP  15. Illuminate\Cookie\Middleware\AddQueuedCookiesToResponse->handle() /home/ubuntu/workspace/task-list/vendor/laravel/framework/src/Illuminate/Pipeline/Pipeline.php:124
[15-Oct-2017 09:51:00 Asia/Tokyo] PHP  16. Illuminate\Pipeline\Pipeline->Illuminate\Pipeline\{closure}() /home/ubuntu/workspace/task-list/vendor/laravel/framework/src/Illuminate/Cookie/Middleware/AddQueuedCookiesToResponse.php:37
[15-Oct-2017 09:51:00 Asia/Tokyo] PHP  17. call_user_func_array:{/home/ubuntu/workspace/task-list/vendor/laravel/framework/src/Illuminate/Pipeline/Pipeline.php:124}() /home/ubuntu/workspace/task-list/vendor/laravel/framework/src/Illuminate/Pipeline/Pipeline.php:124
[15-Oct-2017 09:51:00 Asia/Tokyo] PHP  18. Illuminate\Session\Middleware\StartSession->handle() /home/ubuntu/workspace/task-list/vendor/laravel/framework/src/Illuminate/Pipeline/Pipeline.php:124
[15-Oct-2017 09:51:00 Asia/Tokyo] PHP  19. Illuminate\Pipeline\Pipeline->Illuminate\Pipeline\{closure}() /home/ubuntu/workspace/task-list/vendor/laravel/framework/src/Illuminate/Session/Middleware/StartSession.php:62
[15-Oct-2017 09:51:00 Asia/Tokyo] PHP  20. call_user_func_array:{/home/ubuntu/workspace/task-list/vendor/laravel/framework/src/Illuminate/Pipeline/Pipeline.php:124}() /home/ubuntu/workspace/task-list/vendor/laravel/framework/src/Illuminate/Pipeline/Pipeline.php:124
[15-Oct-2017 09:51:00 Asia/Tokyo] PHP  21. Illuminate\View\Middleware\ShareErrorsFromSession->handle() /home/ubuntu/workspace/task-list/vendor/laravel/framework/src/Illuminate/Pipeline/Pipeline.php:124
[15-Oct-2017 09:51:00 Asia/Tokyo] PHP  22. Illuminate\Pipeline\Pipeline->Illuminate\Pipeline\{closure}() /home/ubuntu/workspace/task-list/vendor/laravel/framework/src/Illuminate/View/Middleware/ShareErrorsFromSession.php:49
[15-Oct-2017 09:51:00 Asia/Tokyo] PHP  23. call_user_func_array:{/home/ubuntu/workspace/task-list/vendor/laravel/framework/src/Illuminate/Pipeline/Pipeline.php:124}() /home/ubuntu/workspace/task-list/vendor/laravel/framework/src/Illuminate/Pipeline/Pipeline.php:124
[15-Oct-2017 09:51:00 Asia/Tokyo] PHP  24. Illuminate\Foundation\Http\Middleware\VerifyCsrfToken->handle() /home/ubuntu/workspace/task-list/vendor/laravel/framework/src/Illuminate/Pipeline/Pipeline.php:124
[15-Oct-2017 09:51:00 Asia/Tokyo] PHP  25. Illuminate\Pipeline\Pipeline->Illuminate\Pipeline\{closure}() /home/ubuntu/workspace/task-list/vendor/laravel/framework/src/Illuminate/Foundation/Http/Middleware/VerifyCsrfToken.php:50
[15-Oct-2017 09:51:00 Asia/Tokyo] PHP  26. call_user_func:{/home/ubuntu/workspace/task-list/vendor/laravel/framework/src/Illuminate/Pipeline/Pipeline.php:139}() /home/ubuntu/workspace/task-list/vendor/laravel/framework/src/Illuminate/Pipeline/Pipeline.php:139
[15-Oct-2017 09:51:00 Asia/Tokyo] PHP  27. Illuminate\Foundation\Http\Kernel->Illuminate\Foundation\Http\{closure}() /home/ubuntu/workspace/task-list/vendor/laravel/framework/src/Illuminate/Pipeline/Pipeline.php:139
[15-Oct-2017 09:51:00 Asia/Tokyo] PHP  28. Illuminate\Routing\Router->dispatch() /home/ubuntu/workspace/task-list/vendor/laravel/framework/src/Illuminate/Foundation/Http/Kernel.php:236
[15-Oct-2017 09:51:00 Asia/Tokyo] PHP  29. Illuminate\Routing\Router->dispatchToRoute() /home/ubuntu/workspace/task-list/vendor/laravel/framework/src/Illuminate/Routing/Router.php:635
[15-Oct-2017 09:51:00 Asia/Tokyo] PHP  30. Illuminate\Routing\Router->runRouteWithinStack() /home/ubuntu/workspace/task-list/vendor/laravel/framework/src/Illuminate/Routing/Router.php:675
[15-Oct-2017 09:51:00 Asia/Tokyo] PHP  31. Illuminate\Pipeline\Pipeline->then() /home/ubuntu/workspace/task-list/vendor/laravel/framework/src/Illuminate/Routing/Router.php:710
[15-Oct-2017 09:51:00 Asia/Tokyo] PHP  32. call_user_func:{/home/ubuntu/workspace/task-list/vendor/laravel/framework/src/Illuminate/Pipeline/Pipeline.php:103}() /home/ubuntu/workspace/task-list/vendor/laravel/framework/src/Illuminate/Pipeline/Pipeline.php:103
[15-Oct-2017 09:51:00 Asia/Tokyo] PHP  33. Illuminate\Pipeline\Pipeline->Illuminate\Pipeline\{closure}() /home/ubuntu/workspace/task-list/vendor/laravel/framework/src/Illuminate/Pipeline/Pipeline.php:103
[15-Oct-2017 09:51:00 Asia/Tokyo] PHP  34. call_user_func:{/home/ubuntu/workspace/task-list/vendor/laravel/framework/src/Illuminate/Pipeline/Pipeline.php:139}() /home/ubuntu/workspace/task-list/vendor/laravel/framework/src/Illuminate/Pipeline/Pipeline.php:139
[15-Oct-2017 09:51:00 Asia/Tokyo] PHP  35. Illuminate\Routing\Router->Illuminate\Routing\{closure}() /home/ubuntu/workspace/task-list/vendor/laravel/framework/src/Illuminate/Pipeline/Pipeline.php:139
[15-Oct-2017 09:51:00 Asia/Tokyo] PHP  36. Illuminate\Routing\Route->run() /home/ubuntu/workspace/task-list/vendor/laravel/framework/src/Illuminate/Routing/Router.php:708
[15-Oct-2017 09:51:00 Asia/Tokyo] PHP  37. Illuminate\Routing\Route->runWithCustomDispatcher() /home/ubuntu/workspace/task-list/vendor/laravel/framework/src/Illuminate/Routing/Route.php:134
[15-Oct-2017 09:51:00 Asia/Tokyo] PHP  38. Illuminate\Routing\ControllerDispatcher->dispatch() /home/ubuntu/workspace/task-list/vendor/laravel/framework/src/Illuminate/Routing/Route.php:203
[15-Oct-2017 09:51:00 Asia/Tokyo] PHP  39. Illuminate\Routing\ControllerDispatcher->callWithinStack() /home/ubuntu/workspace/task-list/vendor/laravel/framework/src/Illuminate/Routing/ControllerDispatcher.php:69
[15-Oct-2017 09:51:00 Asia/Tokyo] PHP  40. Illuminate\Pipeline\Pipeline->then() /home/ubuntu/workspace/task-list/vendor/laravel/framework/src/Illuminate/Routing/ControllerDispatcher.php:114
[15-Oct-2017 09:51:00 Asia/Tokyo] PHP  41. call_user_func:{/home/ubuntu/workspace/task-list/vendor/laravel/framework/src/Illuminate/Pipeline/Pipeline.php:103}() /home/ubuntu/workspace/task-list/vendor/laravel/framework/src/Illuminate/Pipeline/Pipeline.php:103
[15-Oct-2017 09:51:00 Asia/Tokyo] PHP  42. Illuminate\Pipeline\Pipeline->Illuminate\Pipeline\{closure}() /home/ubuntu/workspace/task-list/vendor/laravel/framework/src/Illuminate/Pipeline/Pipeline.php:103
[15-Oct-2017 09:51:00 Asia/Tokyo] PHP  43. call_user_func:{/home/ubuntu/workspace/task-list/vendor/laravel/framework/src/Illuminate/Pipeline/Pipeline.php:139}() /home/ubuntu/workspace/task-list/vendor/laravel/framework/src/Illuminate/Pipeline/Pipeline.php:139
[15-Oct-2017 09:51:00 Asia/Tokyo] PHP  44. Illuminate\Routing\ControllerDispatcher->Illuminate\Routing\{closure}() /home/ubuntu/workspace/task-list/vendor/laravel/framework/src/Illuminate/Pipeline/Pipeline.php:139
[15-Oct-2017 09:51:00 Asia/Tokyo] PHP  45. Illuminate\Routing\Router->prepareResponse() /home/ubuntu/workspace/task-list/vendor/laravel/framework/src/Illuminate/Routing/ControllerDispatcher.php:113
[15-Oct-2017 09:51:00 Asia/Tokyo] PHP  46. Symfony\Component\HttpFoundation\Response->__construct() /home/ubuntu/workspace/task-list/vendor/laravel/framework/src/Illuminate/Routing/Router.php:1229
[15-Oct-2017 09:51:00 Asia/Tokyo] PHP  47. Illuminate\Http\Response->setContent() /home/ubuntu/workspace/task-list/vendor/symfony/http-foundation/Response.php:200
[15-Oct-2017 09:51:00 Asia/Tokyo] PHP  48. Illuminate\View\View->render() /home/ubuntu/workspace/task-list/vendor/laravel/framework/src/Illuminate/Http/Response.php:51
[15-Oct-2017 09:51:00 Asia/Tokyo] PHP  49. Illuminate\View\View->renderContents() /home/ubuntu/workspace/task-list/vendor/laravel/framework/src/Illuminate/View/View.php:83
[15-Oct-2017 09:51:00 Asia/Tokyo] PHP  50. Illuminate\View\View->getContents() /home/ubuntu/workspace/task-list/vendor/laravel/framework/src/Illuminate/View/View.php:118
[15-Oct-2017 09:51:00 Asia/Tokyo] PHP  51. Illuminate\View\Engines\CompilerEngine->get() /home/ubuntu/workspace/task-list/vendor/laravel/framework/src/Illuminate/View/View.php:147
[15-Oct-2017 09:51:00 Asia/Tokyo] PHP  52. Illuminate\View\Engines\PhpEngine->evaluatePath() /home/ubuntu/workspace/task-list/vendor/laravel/framework/src/Illuminate/View/Engines/CompilerEngine.php:58
